Mensaje I / 00:00:00:000 / Root(00) para top(01)
Mensaje I / 00:00:00:000 / top(01) para cola(02)
Mensaje D / 00:00:00:000 / cola(02) / ... para top(01)
Mensaje D / 00:00:00:000 / top(01) / ... para Root(00)
Mensaje X / 00:00:00:100 / Root(00) / iinic /      1.00000 para top(01)
Mensaje X / 00:00:00:100 / top(01) / in_inicio /      1.00000 para cola(02)
Mensaje D / 00:00:00:100 / cola(02) / 00:00:00:000 para top(01)
Mensaje D / 00:00:00:100 / top(01) / 00:00:00:000 para Root(00)
Mensaje * / 00:00:00:100 / Root(00) para top(01)
Mensaje * / 00:00:00:100 / top(01) para cola(02)
Mensaje Y / 00:00:00:100 / cola(02) / out_listo /      1.00000 para top(01)
Mensaje D / 00:00:00:100 / cola(02) / ... para top(01)
Mensaje Y / 00:00:00:100 / top(01) / listo /      1.00000 para Root(00)
Mensaje D / 00:00:00:100 / top(01) / ... para Root(00)
Mensaje X / 00:10:10:200 / Root(00) / ivehic /      2.10000 para top(01)
Mensaje X / 00:10:10:200 / top(01) / in_vehic /      2.10000 para cola(02)
Mensaje D / 00:10:10:200 / cola(02) / 00:00:00:000 para top(01)
Mensaje D / 00:10:10:200 / top(01) / 00:00:00:000 para Root(00)
Mensaje * / 00:10:10:200 / Root(00) para top(01)
Mensaje * / 00:10:10:200 / top(01) para cola(02)
Mensaje D / 00:10:10:200 / cola(02) / ... para top(01)
Mensaje D / 00:10:10:200 / top(01) / ... para Root(00)
Mensaje X / 00:20:05:500 / Root(00) / ivehic /      4.50000 para top(01)
Mensaje X / 00:20:05:500 / top(01) / in_vehic /      4.50000 para cola(02)
Mensaje D / 00:20:05:500 / cola(02) / ... para top(01)
Mensaje D / 00:20:05:500 / top(01) / ... para Root(00)
Mensaje X / 00:20:10:300 / Root(00) / ivehic /      2.50000 para top(01)
Mensaje X / 00:20:10:300 / top(01) / in_vehic /      2.50000 para cola(02)
Mensaje D / 00:20:10:300 / cola(02) / ... para top(01)
Mensaje D / 00:20:10:300 / top(01) / ... para Root(00)
Mensaje X / 00:20:50:501 / Root(00) / ivehic /      5.80000 para top(01)
Mensaje X / 00:20:50:501 / top(01) / in_vehic /      5.80000 para cola(02)
Mensaje D / 00:20:50:501 / cola(02) / ... para top(01)
Mensaje D / 00:20:50:501 / top(01) / ... para Root(00)
Mensaje X / 00:30:00:600 / Root(00) / ivehic /      6.10000 para top(01)
Mensaje X / 00:30:00:600 / top(01) / in_vehic /      6.10000 para cola(02)
Mensaje D / 00:30:00:600 / cola(02) / 00:00:00:000 para top(01)
Mensaje D / 00:30:00:600 / top(01) / 00:00:00:000 para Root(00)
Mensaje * / 00:30:00:600 / Root(00) para top(01)
Mensaje * / 00:30:00:600 / top(01) para cola(02)
Mensaje Y / 00:30:00:600 / cola(02) / out_enhorasalida /      1.00000 para top(01)
Mensaje D / 00:30:00:600 / cola(02) / ... para top(01)
Mensaje Y / 00:30:00:600 / top(01) / oenhora /      1.00000 para Root(00)
Mensaje D / 00:30:00:600 / top(01) / ... para Root(00)
Mensaje X / 00:40:00:801 / Root(00) / ivehic /      7.25000 para top(01)
Mensaje X / 00:40:00:801 / top(01) / in_vehic /      7.25000 para cola(02)
Mensaje D / 00:40:00:801 / cola(02) / ... para top(01)
Mensaje D / 00:40:00:801 / top(01) / ... para Root(00)
