Mensaje I / 00:00:00:000 / Root(00) para top(01)
Mensaje I / 00:00:00:000 / top(01) para perf(02)
Mensaje D / 00:00:00:000 / perf(02) / ... para top(01)
Mensaje D / 00:00:00:000 / top(01) / ... para Root(00)
Mensaje X / 00:01:05:000 / Root(00) / isyss /      1.00000 para top(01)
Mensaje X / 00:01:05:000 / top(01) / in_salidasys_s /      1.00000 para perf(02)
Mensaje D / 00:01:05:000 / perf(02) / ... para top(01)
Mensaje D / 00:01:05:000 / top(01) / ... para Root(00)
Mensaje X / 00:12:12:000 / Root(00) / icn /     12.12000 para top(01)
Mensaje X / 00:12:12:000 / top(01) / in_cpn /     12.12000 para perf(02)
Mensaje D / 00:12:12:000 / perf(02) / ... para top(01)
Mensaje D / 00:12:12:000 / top(01) / ... para Root(00)
Mensaje X / 00:15:15:000 / Root(00) / isyss /      1.00000 para top(01)
Mensaje X / 00:15:15:000 / top(01) / in_salidasys_s /      1.00000 para perf(02)
Mensaje D / 00:15:15:000 / perf(02) / ... para top(01)
Mensaje D / 00:15:15:000 / top(01) / ... para Root(00)
Mensaje X / 00:16:16:010 / Root(00) / isysn /      1.00000 para top(01)
Mensaje X / 00:16:16:010 / top(01) / in_salidasys_n /      1.00000 para perf(02)
Mensaje D / 00:16:16:010 / perf(02) / ... para top(01)
Mensaje D / 00:16:16:010 / top(01) / ... para Root(00)
Mensaje X / 00:18:18:000 / Root(00) / ics /     18.18000 para top(01)
Mensaje X / 00:18:18:000 / top(01) / in_cps /     18.18000 para perf(02)
Mensaje D / 00:18:18:000 / perf(02) / ... para top(01)
Mensaje D / 00:18:18:000 / top(01) / ... para Root(00)
Mensaje X / 00:19:19:000 / Root(00) / icn /     19.19000 para top(01)
Mensaje X / 00:19:19:000 / top(01) / in_cpn /     19.19000 para perf(02)
Mensaje D / 00:19:19:000 / perf(02) / ... para top(01)
Mensaje D / 00:19:19:000 / top(01) / ... para Root(00)
Mensaje X / 00:21:05:000 / Root(00) / isyss /      1.00000 para top(01)
Mensaje X / 00:21:05:000 / top(01) / in_salidasys_s /      1.00000 para perf(02)
Mensaje D / 00:21:05:000 / perf(02) / ... para top(01)
Mensaje D / 00:21:05:000 / top(01) / ... para Root(00)
Mensaje X / 00:25:10:010 / Root(00) / isysn /      1.00000 para top(01)
Mensaje X / 00:25:10:010 / top(01) / in_salidasys_n /      1.00000 para perf(02)
Mensaje D / 00:25:10:010 / perf(02) / ... para top(01)
Mensaje D / 00:25:10:010 / top(01) / ... para Root(00)
Mensaje X / 00:28:11:000 / Root(00) / ics /     28.11000 para top(01)
Mensaje X / 00:28:11:000 / top(01) / in_cps /     28.11000 para perf(02)
Mensaje D / 00:28:11:000 / perf(02) / ... para top(01)
Mensaje D / 00:28:11:000 / top(01) / ... para Root(00)
Mensaje X / 00:31:12:000 / Root(00) / icn /     31.12000 para top(01)
Mensaje X / 00:31:12:000 / top(01) / in_cpn /     31.12000 para perf(02)
Mensaje D / 00:31:12:000 / perf(02) / ... para top(01)
Mensaje D / 00:31:12:000 / top(01) / ... para Root(00)
Mensaje X / 00:31:15:000 / Root(00) / isyss /      1.00000 para top(01)
Mensaje X / 00:31:15:000 / top(01) / in_salidasys_s /      1.00000 para perf(02)
Mensaje D / 00:31:15:000 / perf(02) / ... para top(01)
Mensaje D / 00:31:15:000 / top(01) / ... para Root(00)
Mensaje X / 00:33:16:010 / Root(00) / isysn /      1.00000 para top(01)
Mensaje X / 00:33:16:010 / top(01) / in_salidasys_n /      1.00000 para perf(02)
Mensaje D / 00:33:16:010 / perf(02) / ... para top(01)
Mensaje D / 00:33:16:010 / top(01) / ... para Root(00)
Mensaje X / 00:36:18:000 / Root(00) / ics /     36.18000 para top(01)
Mensaje X / 00:36:18:000 / top(01) / in_cps /     36.18000 para perf(02)
Mensaje D / 00:36:18:000 / perf(02) / ... para top(01)
Mensaje D / 00:36:18:000 / top(01) / ... para Root(00)
Mensaje X / 00:55:15:000 / Root(00) / idatos /      1.00000 para top(01)
Mensaje X / 00:55:15:000 / top(01) / in_datos /      1.00000 para perf(02)
Mensaje D / 00:55:15:000 / perf(02) / 00:00:00:000 para top(01)
Mensaje D / 00:55:15:000 / top(01) / 00:00:00:000 para Root(00)
Mensaje * / 00:55:15:000 / Root(00) para top(01)
Mensaje * / 00:55:15:000 / top(01) para perf(02)
Mensaje Y / 00:55:15:000 / perf(02) / out_tsys /     19.00000 para top(01)
Mensaje Y / 00:55:15:000 / perf(02) / out_cps /      1.00000 para top(01)
Mensaje Y / 00:55:15:000 / perf(02) / out_cpn /      1.00000 para top(01)
Mensaje Y / 00:55:15:000 / perf(02) / out_tpes /      0.00000 para top(01)
Mensaje Y / 00:55:15:000 / perf(02) / out_tpen /      0.00000 para top(01)
Mensaje D / 00:55:15:000 / perf(02) / ... para top(01)
Mensaje Y / 00:55:15:000 / top(01) / otsys /     19.00000 para Root(00)
Mensaje Y / 00:55:15:000 / top(01) / ocps /      1.00000 para Root(00)
Mensaje Y / 00:55:15:000 / top(01) / ocpn /      1.00000 para Root(00)
Mensaje Y / 00:55:15:000 / top(01) / otpes /      0.00000 para Root(00)
Mensaje Y / 00:55:15:000 / top(01) / otpen /      0.00000 para Root(00)
Mensaje D / 00:55:15:000 / top(01) / ... para Root(00)
