Mensaje I / 00:00:00:000 / Root(00) para top(01)
Mensaje I / 00:00:00:000 / top(01) para cola(02)
Mensaje D / 00:00:00:000 / cola(02) / ... para top(01)
Mensaje D / 00:00:00:000 / top(01) / ... para Root(00)
Mensaje X / 00:00:00:100 / Root(00) / vehic /      1.20000 para top(01)
Mensaje X / 00:00:00:100 / top(01) / in_vehic /      1.20000 para cola(02)
Mensaje D / 00:00:00:100 / cola(02) / ... para top(01)
Mensaje D / 00:00:00:100 / top(01) / ... para Root(00)
Mensaje X / 00:00:00:200 / Root(00) / vehic /      2.10000 para top(01)
Mensaje X / 00:00:00:200 / top(01) / in_vehic /      2.10000 para cola(02)
Mensaje D / 00:00:00:200 / cola(02) / ... para top(01)
Mensaje D / 00:00:00:200 / top(01) / ... para Root(00)
Mensaje X / 00:00:00:300 / Root(00) / vehic /      2.50000 para top(01)
Mensaje X / 00:00:00:300 / top(01) / in_vehic /      2.50000 para cola(02)
Mensaje D / 00:00:00:300 / cola(02) / ... para top(01)
Mensaje D / 00:00:00:300 / top(01) / ... para Root(00)
Mensaje X / 00:00:00:500 / Root(00) / solic /      1.00000 para top(01)
Mensaje X / 00:00:00:500 / top(01) / in_solic /      1.00000 para cola(02)
Mensaje D / 00:00:00:500 / cola(02) / 00:01:10:000 para top(01)
Mensaje D / 00:00:00:500 / top(01) / 00:01:10:000 para Root(00)
Mensaje X / 00:00:00:501 / Root(00) / vehic /      2.80000 para top(01)
Mensaje X / 00:00:00:501 / top(01) / in_vehic /      2.80000 para cola(02)
Mensaje D / 00:00:00:501 / cola(02) / 00:00:00:000 para top(01)
Mensaje D / 00:00:00:501 / top(01) / 00:00:00:000 para Root(00)
Mensaje * / 00:00:00:501 / Root(00) para top(01)
Mensaje * / 00:00:00:501 / top(01) para cola(02)
Mensaje Y / 00:00:00:501 / cola(02) / out_ferry /      1.20000 para top(01)
Mensaje Y / 00:00:00:501 / cola(02) / out_perf /      1.20000 para top(01)
Mensaje D / 00:00:00:501 / cola(02) / 00:01:10:000 para top(01)
Mensaje Y / 00:00:00:501 / top(01) / ferry /      1.20000 para Root(00)
Mensaje Y / 00:00:00:501 / top(01) / perf /      1.20000 para Root(00)
Mensaje D / 00:00:00:501 / top(01) / 00:01:10:000 para Root(00)
Mensaje X / 00:00:00:600 / Root(00) / vehic /      3.10000 para top(01)
Mensaje X / 00:00:00:600 / top(01) / in_vehic /      3.10000 para cola(02)
Mensaje D / 00:00:00:600 / cola(02) / 00:00:00:000 para top(01)
Mensaje D / 00:00:00:600 / top(01) / 00:00:00:000 para Root(00)
Mensaje * / 00:00:00:600 / Root(00) para top(01)
Mensaje * / 00:00:00:600 / top(01) para cola(02)
Mensaje Y / 00:00:00:600 / cola(02) / out_ferry /      2.10000 para top(01)
Mensaje Y / 00:00:00:600 / cola(02) / out_perf /      2.10000 para top(01)
Mensaje D / 00:00:00:600 / cola(02) / 00:01:10:000 para top(01)
Mensaje Y / 00:00:00:600 / top(01) / ferry /      2.10000 para Root(00)
Mensaje Y / 00:00:00:600 / top(01) / perf /      2.10000 para Root(00)
Mensaje D / 00:00:00:600 / top(01) / 00:01:10:000 para Root(00)
Mensaje X / 00:00:00:801 / Root(00) / parar /      1.00000 para top(01)
Mensaje X / 00:00:00:801 / top(01) / in_parar /      1.00000 para cola(02)
Mensaje D / 00:00:00:801 / cola(02) / ... para top(01)
Mensaje D / 00:00:00:801 / top(01) / ... para Root(00)
