Mensaje I / 00:00:00:000 / Root(00) para top(01)
Mensaje I / 00:00:00:000 / top(01) para puertosur(02)
Mensaje I / 00:00:00:000 / top(01) para ferry(06)
Mensaje I / 00:00:00:000 / top(01) para puertonorte(09)
Mensaje I / 00:00:00:000 / top(01) para monitor(13)
Mensaje I / 00:00:00:000 / puertosur(02) para agentes(03)
Mensaje I / 00:00:00:000 / puertosur(02) para colas(04)
Mensaje I / 00:00:00:000 / puertosur(02) para ciudads(05)
Mensaje I / 00:00:00:000 / ferry(06) para capitan(07)
Mensaje I / 00:00:00:000 / ferry(06) para marinero(08)
Mensaje I / 00:00:00:000 / puertonorte(09) para agente(10)
Mensaje I / 00:00:00:000 / puertonorte(09) para cola(11)
Mensaje I / 00:00:00:000 / puertonorte(09) para ciudad(12)
Mensaje D / 00:00:00:000 / monitor(13) / ... para top(01)
Mensaje D / 00:00:00:000 / agentes(03) / 00:00:00:000 para puertosur(02)
Mensaje D / 00:00:00:000 / colas(04) / ... para puertosur(02)
Mensaje D / 00:00:00:000 / ciudads(05) / 00:00:00:100 para puertosur(02)
Mensaje D / 00:00:00:000 / capitan(07) / 00:00:00:000 para ferry(06)
Mensaje D / 00:00:00:000 / marinero(08) / ... para ferry(06)
Mensaje D / 00:00:00:000 / agente(10) / 00:00:00:000 para puertonorte(09)
Mensaje D / 00:00:00:000 / cola(11) / ... para puertonorte(09)
Mensaje D / 00:00:00:000 / ciudad(12) / 00:00:00:100 para puertonorte(09)
Mensaje D / 00:00:00:000 / puertosur(02) / 00:00:00:000 para top(01)
Mensaje D / 00:00:00:000 / ferry(06) / 00:00:00:000 para top(01)
Mensaje D / 00:00:00:000 / puertonorte(09) / 00:00:00:000 para top(01)
Mensaje D / 00:00:00:000 / top(01) / 00:00:00:000 para Root(00)
Mensaje * / 00:00:00:000 / Root(00) para top(01)
Mensaje * / 00:00:00:000 / top(01) para puertosur(02)
Mensaje * / 00:00:00:000 / puertosur(02) para agentes(03)
Mensaje Y / 00:00:00:000 / agentes(03) / out_parar /      1.00000 para puertosur(02)
Mensaje D / 00:00:00:000 / agentes(03) / ... para puertosur(02)
Mensaje X / 00:00:00:000 / puertosur(02) / in_parar /      1.00000 para colas(04)
Mensaje D / 00:00:00:000 / colas(04) / ... para puertosur(02)
Mensaje D / 00:00:00:000 / puertosur(02) / 00:00:00:100 para top(01)
Mensaje D / 00:00:00:000 / top(01) / 00:00:00:000 para Root(00)
Mensaje * / 00:00:00:000 / Root(00) para top(01)
Mensaje * / 00:00:00:000 / top(01) para ferry(06)
Mensaje * / 00:00:00:000 / ferry(06) para capitan(07)
Mensaje Y / 00:00:00:000 / capitan(07) / out_arribo_n /      1.00000 para ferry(06)
Mensaje D / 00:00:00:000 / capitan(07) / ... para ferry(06)
Mensaje Y / 00:00:00:000 / ferry(06) / out_an /      1.00000 para top(01)
Mensaje D / 00:00:00:000 / ferry(06) / ... para top(01)
Mensaje X / 00:00:00:000 / top(01) / in_pnb1 /      1.00000 para puertonorte(09)
Mensaje X / 00:00:00:000 / puertonorte(09) / in_ferry /      1.00000 para agente(10)
Mensaje D / 00:00:00:000 / agente(10) / 00:00:00:000 para puertonorte(09)
Mensaje D / 00:00:00:000 / puertonorte(09) / 00:00:00:000 para top(01)
Mensaje D / 00:00:00:000 / top(01) / 00:00:00:000 para Root(00)
Mensaje * / 00:00:00:000 / Root(00) para top(01)
Mensaje * / 00:00:00:000 / top(01) para puertonorte(09)
Mensaje * / 00:00:00:000 / puertonorte(09) para agente(10)
Mensaje Y / 00:00:00:000 / agente(10) / out_parar /      1.00000 para puertonorte(09)
Mensaje D / 00:00:00:000 / agente(10) / ... para puertonorte(09)
Mensaje X / 00:00:00:000 / puertonorte(09) / in_parar /      1.00000 para cola(11)
Mensaje D / 00:00:00:000 / cola(11) / ... para puertonorte(09)
Mensaje D / 00:00:00:000 / puertonorte(09) / 00:00:00:100 para top(01)
Mensaje D / 00:00:00:000 / top(01) / 00:00:00:100 para Root(00)
Mensaje * / 00:00:00:100 / Root(00) para top(01)
Mensaje * / 00:00:00:100 / top(01) para puertosur(02)
Mensaje * / 00:00:00:100 / puertosur(02) para ciudads(05)
Mensaje D / 00:00:00:100 / ciudads(05) / 00:00:12:300 para puertosur(02)
Mensaje D / 00:00:00:100 / puertosur(02) / 00:00:12:300 para top(01)
Mensaje D / 00:00:00:100 / top(01) / 00:00:00:000 para Root(00)
Mensaje * / 00:00:00:100 / Root(00) para top(01)
Mensaje * / 00:00:00:100 / top(01) para puertonorte(09)
Mensaje * / 00:00:00:100 / puertonorte(09) para ciudad(12)
Mensaje D / 00:00:00:100 / ciudad(12) / 00:02:58:863 para puertonorte(09)
Mensaje D / 00:00:00:100 / puertonorte(09) / 00:02:58:863 para top(01)
Mensaje D / 00:00:00:100 / top(01) / 00:00:12:300 para Root(00)
Mensaje * / 00:00:12:400 / Root(00) para top(01)
Mensaje * / 00:00:12:400 / top(01) para puertosur(02)
Mensaje * / 00:00:12:400 / puertosur(02) para ciudads(05)
Mensaje Y / 00:00:12:400 / ciudads(05) / out_vehic /      0.20501 para puertosur(02)
Mensaje D / 00:00:12:400 / ciudads(05) / 00:00:53:169 para puertosur(02)
Mensaje X / 00:00:12:400 / puertosur(02) / in_vehic /      0.20501 para colas(04)
Mensaje D / 00:00:12:400 / colas(04) / ... para puertosur(02)
Mensaje D / 00:00:12:400 / puertosur(02) / 00:00:53:169 para top(01)
Mensaje D / 00:00:12:400 / top(01) / 00:00:53:169 para Root(00)
Mensaje * / 00:01:05:569 / Root(00) para top(01)
Mensaje * / 00:01:05:569 / top(01) para puertosur(02)
Mensaje * / 00:01:05:569 / puertosur(02) para ciudads(05)
Mensaje Y / 00:01:05:569 / ciudads(05) / out_vehic /      1.09117 para puertosur(02)
Mensaje D / 00:01:05:569 / ciudads(05) / 00:00:08:267 para puertosur(02)
Mensaje X / 00:01:05:569 / puertosur(02) / in_vehic /      1.09117 para colas(04)
Mensaje D / 00:01:05:569 / colas(04) / ... para puertosur(02)
Mensaje D / 00:01:05:569 / puertosur(02) / 00:00:08:267 para top(01)
Mensaje D / 00:01:05:569 / top(01) / 00:00:08:267 para Root(00)
Mensaje * / 00:01:13:836 / Root(00) para top(01)
Mensaje * / 00:01:13:836 / top(01) para puertosur(02)
Mensaje * / 00:01:13:836 / puertosur(02) para ciudads(05)
Mensaje Y / 00:01:13:836 / ciudads(05) / out_vehic /      1.22897 para puertosur(02)
Mensaje D / 00:01:13:836 / ciudads(05) / 00:17:36:261 para puertosur(02)
Mensaje X / 00:01:13:836 / puertosur(02) / in_vehic /      1.22897 para colas(04)
Mensaje D / 00:01:13:836 / colas(04) / ... para puertosur(02)
Mensaje D / 00:01:13:836 / puertosur(02) / 00:17:36:261 para top(01)
Mensaje D / 00:01:13:836 / top(01) / 00:01:45:127 para Root(00)
Mensaje * / 00:02:58:963 / Root(00) para top(01)
Mensaje * / 00:02:58:963 / top(01) para puertonorte(09)
Mensaje * / 00:02:58:963 / puertonorte(09) para ciudad(12)
Mensaje Y / 00:02:58:963 / ciudad(12) / out_vehic /      2.98105 para puertonorte(09)
Mensaje D / 00:02:58:963 / ciudad(12) / 00:04:49:957 para puertonorte(09)
Mensaje X / 00:02:58:963 / puertonorte(09) / in_vehic /      2.98105 para cola(11)
Mensaje D / 00:02:58:963 / cola(11) / ... para puertonorte(09)
Mensaje D / 00:02:58:963 / puertonorte(09) / 00:04:49:957 para top(01)
Mensaje D / 00:02:58:963 / top(01) / 00:04:49:957 para Root(00)
Mensaje * / 00:07:48:920 / Root(00) para top(01)
Mensaje * / 00:07:48:920 / top(01) para puertonorte(09)
Mensaje * / 00:07:48:920 / puertonorte(09) para ciudad(12)
Mensaje Y / 00:07:48:920 / ciudad(12) / out_vehic /      7.81368 para puertonorte(09)
Mensaje D / 00:07:48:920 / ciudad(12) / 00:03:39:463 para puertonorte(09)
Mensaje X / 00:07:48:920 / puertonorte(09) / in_vehic /      7.81368 para cola(11)
Mensaje D / 00:07:48:920 / cola(11) / ... para puertonorte(09)
Mensaje D / 00:07:48:920 / puertonorte(09) / 00:03:39:463 para top(01)
Mensaje D / 00:07:48:920 / top(01) / 00:03:39:463 para Root(00)
Mensaje * / 00:11:28:383 / Root(00) para top(01)
Mensaje * / 00:11:28:383 / top(01) para puertonorte(09)
Mensaje * / 00:11:28:383 / puertonorte(09) para ciudad(12)
Mensaje Y / 00:11:28:383 / ciudad(12) / out_vehic /     11.47140 para puertonorte(09)
Mensaje D / 00:11:28:383 / ciudad(12) / 00:09:27:578 para puertonorte(09)
Mensaje X / 00:11:28:383 / puertonorte(09) / in_vehic /     11.47140 para cola(11)
Mensaje D / 00:11:28:383 / cola(11) / ... para puertonorte(09)
Mensaje D / 00:11:28:383 / puertonorte(09) / 00:09:27:578 para top(01)
Mensaje D / 00:11:28:383 / top(01) / 00:07:21:714 para Root(00)
Mensaje * / 00:18:50:097 / Root(00) para top(01)
Mensaje * / 00:18:50:097 / top(01) para puertosur(02)
Mensaje * / 00:18:50:097 / puertosur(02) para ciudads(05)
Mensaje Y / 00:18:50:097 / ciudads(05) / out_vehic /     18.83333 para puertosur(02)
Mensaje D / 00:18:50:097 / ciudads(05) / 00:00:49:768 para puertosur(02)
Mensaje X / 00:18:50:097 / puertosur(02) / in_vehic /     18.83333 para colas(04)
Mensaje D / 00:18:50:097 / colas(04) / ... para puertosur(02)
Mensaje D / 00:18:50:097 / puertosur(02) / 00:00:49:768 para top(01)
Mensaje D / 00:18:50:097 / top(01) / 00:00:49:768 para Root(00)
Mensaje * / 00:19:39:865 / Root(00) para top(01)
Mensaje * / 00:19:39:865 / top(01) para puertosur(02)
Mensaje * / 00:19:39:865 / puertosur(02) para ciudads(05)
Mensaje Y / 00:19:39:865 / ciudads(05) / out_vehic /     19.66280 para puertosur(02)
Mensaje D / 00:19:39:865 / ciudads(05) / 00:02:24:783 para puertosur(02)
Mensaje X / 00:19:39:865 / puertosur(02) / in_vehic /     19.66280 para colas(04)
Mensaje D / 00:19:39:865 / colas(04) / ... para puertosur(02)
Mensaje D / 00:19:39:865 / puertosur(02) / 00:02:24:783 para top(01)
Mensaje D / 00:19:39:865 / top(01) / 00:01:16:096 para Root(00)
Mensaje * / 00:20:55:961 / Root(00) para top(01)
Mensaje * / 00:20:55:961 / top(01) para puertonorte(09)
Mensaje * / 00:20:55:961 / puertonorte(09) para ciudad(12)
Mensaje Y / 00:20:55:961 / ciudad(12) / out_vehic /     20.93105 para puertonorte(09)
Mensaje D / 00:20:55:961 / ciudad(12) / 00:03:51:909 para puertonorte(09)
Mensaje X / 00:20:55:961 / puertonorte(09) / in_vehic /     20.93105 para cola(11)
Mensaje D / 00:20:55:961 / cola(11) / ... para puertonorte(09)
Mensaje D / 00:20:55:961 / puertonorte(09) / 00:03:51:909 para top(01)
Mensaje D / 00:20:55:961 / top(01) / 00:01:08:687 para Root(00)
Mensaje * / 00:22:04:648 / Root(00) para top(01)
Mensaje * / 00:22:04:648 / top(01) para puertosur(02)
Mensaje * / 00:22:04:648 / puertosur(02) para ciudads(05)
Mensaje Y / 00:22:04:648 / ciudads(05) / out_vehic /     22.07586 para puertosur(02)
Mensaje D / 00:22:04:648 / ciudads(05) / 00:00:55:583 para puertosur(02)
Mensaje X / 00:22:04:648 / puertosur(02) / in_vehic /     22.07586 para colas(04)
Mensaje D / 00:22:04:648 / colas(04) / ... para puertosur(02)
Mensaje D / 00:22:04:648 / puertosur(02) / 00:00:55:583 para top(01)
Mensaje D / 00:22:04:648 / top(01) / 00:00:55:583 para Root(00)
Mensaje * / 00:23:00:231 / Root(00) para top(01)
Mensaje * / 00:23:00:231 / top(01) para puertosur(02)
Mensaje * / 00:23:00:231 / puertosur(02) para ciudads(05)
Mensaje Y / 00:23:00:231 / ciudads(05) / out_vehic /     23.00225 para puertosur(02)
Mensaje D / 00:23:00:231 / ciudads(05) / 00:02:26:189 para puertosur(02)
Mensaje X / 00:23:00:231 / puertosur(02) / in_vehic /     23.00225 para colas(04)
Mensaje D / 00:23:00:231 / colas(04) / ... para puertosur(02)
Mensaje D / 00:23:00:231 / puertosur(02) / 00:02:26:189 para top(01)
Mensaje D / 00:23:00:231 / top(01) / 00:01:47:639 para Root(00)
Mensaje * / 00:24:47:870 / Root(00) para top(01)
Mensaje * / 00:24:47:870 / top(01) para puertonorte(09)
Mensaje * / 00:24:47:870 / puertonorte(09) para ciudad(12)
Mensaje Y / 00:24:47:870 / ciudad(12) / out_vehic /     24.79621 para puertonorte(09)
Mensaje D / 00:24:47:870 / ciudad(12) / 00:09:56:173 para puertonorte(09)
Mensaje X / 00:24:47:870 / puertonorte(09) / in_vehic /     24.79621 para cola(11)
Mensaje D / 00:24:47:870 / cola(11) / ... para puertonorte(09)
Mensaje D / 00:24:47:870 / puertonorte(09) / 00:09:56:173 para top(01)
Mensaje D / 00:24:47:870 / top(01) / 00:00:38:550 para Root(00)
Mensaje * / 00:25:26:420 / Root(00) para top(01)
Mensaje * / 00:25:26:420 / top(01) para puertosur(02)
Mensaje * / 00:25:26:420 / puertosur(02) para ciudads(05)
Mensaje Y / 00:25:26:420 / ciudads(05) / out_vehic /     25.43875 para puertosur(02)
Mensaje D / 00:25:26:420 / ciudads(05) / 00:03:38:201 para puertosur(02)
Mensaje X / 00:25:26:420 / puertosur(02) / in_vehic /     25.43875 para colas(04)
Mensaje D / 00:25:26:420 / colas(04) / ... para puertosur(02)
Mensaje D / 00:25:26:420 / puertosur(02) / 00:03:38:201 para top(01)
Mensaje D / 00:25:26:420 / top(01) / 00:03:38:201 para Root(00)
Mensaje * / 00:29:04:621 / Root(00) para top(01)
Mensaje * / 00:29:04:621 / top(01) para puertosur(02)
Mensaje * / 00:29:04:621 / puertosur(02) para ciudads(05)
Mensaje Y / 00:29:04:621 / ciudads(05) / out_vehic /     29.07544 para puertosur(02)
Mensaje D / 00:29:04:621 / ciudads(05) / 00:00:21:900 para puertosur(02)
Mensaje X / 00:29:04:621 / puertosur(02) / in_vehic /     29.07544 para colas(04)
Mensaje D / 00:29:04:621 / colas(04) / ... para puertosur(02)
Mensaje D / 00:29:04:621 / puertosur(02) / 00:00:21:900 para top(01)
Mensaje D / 00:29:04:621 / top(01) / 00:00:21:900 para Root(00)
Mensaje * / 00:29:26:521 / Root(00) para top(01)
Mensaje * / 00:29:26:521 / top(01) para puertosur(02)
Mensaje * / 00:29:26:521 / puertosur(02) para ciudads(05)
Mensaje Y / 00:29:26:521 / ciudads(05) / out_vehic /     29.44044 para puertosur(02)
Mensaje D / 00:29:26:521 / ciudads(05) / 00:05:04:478 para puertosur(02)
Mensaje X / 00:29:26:521 / puertosur(02) / in_vehic /     29.44044 para colas(04)
Mensaje D / 00:29:26:521 / colas(04) / ... para puertosur(02)
Mensaje D / 00:29:26:521 / puertosur(02) / 00:05:04:478 para top(01)
Mensaje D / 00:29:26:521 / top(01) / 00:05:04:478 para Root(00)
Mensaje * / 00:34:30:999 / Root(00) para top(01)
Mensaje * / 00:34:30:999 / top(01) para puertosur(02)
Mensaje * / 00:34:30:999 / puertosur(02) para ciudads(05)
Mensaje Y / 00:34:30:999 / ciudads(05) / out_vehic /     34.51508 para puertosur(02)
Mensaje D / 00:34:30:999 / ciudads(05) / 00:14:20:665 para puertosur(02)
Mensaje X / 00:34:30:999 / puertosur(02) / in_vehic /     34.51508 para colas(04)
Mensaje D / 00:34:30:999 / colas(04) / ... para puertosur(02)
Mensaje D / 00:34:30:999 / puertosur(02) / 00:14:20:665 para top(01)
Mensaje D / 00:34:30:999 / top(01) / 00:00:13:044 para Root(00)
Mensaje * / 00:34:44:043 / Root(00) para top(01)
Mensaje * / 00:34:44:043 / top(01) para puertonorte(09)
Mensaje * / 00:34:44:043 / puertonorte(09) para ciudad(12)
Mensaje Y / 00:34:44:043 / ciudad(12) / out_vehic /     34.73242 para puertonorte(09)
Mensaje D / 00:34:44:043 / ciudad(12) / 00:11:09:584 para puertonorte(09)
Mensaje X / 00:34:44:043 / puertonorte(09) / in_vehic /     34.73242 para cola(11)
Mensaje D / 00:34:44:043 / cola(11) / ... para puertonorte(09)
Mensaje D / 00:34:44:043 / puertonorte(09) / 00:11:09:584 para top(01)
Mensaje D / 00:34:44:043 / top(01) / 00:11:09:584 para Root(00)
Mensaje * / 00:45:53:627 / Root(00) para top(01)
Mensaje * / 00:45:53:627 / top(01) para puertonorte(09)
Mensaje * / 00:45:53:627 / puertonorte(09) para ciudad(12)
Mensaje Y / 00:45:53:627 / ciudad(12) / out_vehic /     45.89217 para puertonorte(09)
Mensaje D / 00:45:53:627 / ciudad(12) / 00:01:57:315 para puertonorte(09)
Mensaje X / 00:45:53:627 / puertonorte(09) / in_vehic /     45.89217 para cola(11)
Mensaje D / 00:45:53:627 / cola(11) / ... para puertonorte(09)
Mensaje D / 00:45:53:627 / puertonorte(09) / 00:01:57:315 para top(01)
Mensaje D / 00:45:53:627 / top(01) / 00:01:57:315 para Root(00)
Mensaje * / 00:47:50:942 / Root(00) para top(01)
Mensaje * / 00:47:50:942 / top(01) para puertonorte(09)
Mensaje * / 00:47:50:942 / puertonorte(09) para ciudad(12)
Mensaje Y / 00:47:50:942 / ciudad(12) / out_vehic /     47.84742 para puertonorte(09)
Mensaje D / 00:47:50:942 / ciudad(12) / 00:00:13:158 para puertonorte(09)
Mensaje X / 00:47:50:942 / puertonorte(09) / in_vehic /     47.84742 para cola(11)
Mensaje D / 00:47:50:942 / cola(11) / ... para puertonorte(09)
Mensaje D / 00:47:50:942 / puertonorte(09) / 00:00:13:158 para top(01)
Mensaje D / 00:47:50:942 / top(01) / 00:00:13:158 para Root(00)
Mensaje * / 00:48:04:100 / Root(00) para top(01)
Mensaje * / 00:48:04:100 / top(01) para puertonorte(09)
Mensaje * / 00:48:04:100 / puertonorte(09) para ciudad(12)
Mensaje Y / 00:48:04:100 / ciudad(12) / out_vehic /     48.06674 para puertonorte(09)
Mensaje D / 00:48:04:100 / ciudad(12) / 00:02:21:252 para puertonorte(09)
Mensaje X / 00:48:04:100 / puertonorte(09) / in_vehic /     48.06674 para cola(11)
Mensaje D / 00:48:04:100 / cola(11) / ... para puertonorte(09)
Mensaje D / 00:48:04:100 / puertonorte(09) / 00:02:21:252 para top(01)
Mensaje D / 00:48:04:100 / top(01) / 00:00:47:564 para Root(00)
Mensaje * / 00:48:51:664 / Root(00) para top(01)
Mensaje * / 00:48:51:664 / top(01) para puertosur(02)
Mensaje * / 00:48:51:664 / puertosur(02) para ciudads(05)
Mensaje Y / 00:48:51:664 / ciudads(05) / out_vehic /     48.85949 para puertosur(02)
Mensaje D / 00:48:51:664 / ciudads(05) / 00:06:02:703 para puertosur(02)
Mensaje X / 00:48:51:664 / puertosur(02) / in_vehic /     48.85949 para colas(04)
Mensaje D / 00:48:51:664 / colas(04) / ... para puertosur(02)
Mensaje D / 00:48:51:664 / puertosur(02) / 00:06:02:703 para top(01)
Mensaje D / 00:48:51:664 / top(01) / 00:01:33:688 para Root(00)
Mensaje * / 00:50:25:352 / Root(00) para top(01)
Mensaje * / 00:50:25:352 / top(01) para puertonorte(09)
Mensaje * / 00:50:25:352 / puertonorte(09) para ciudad(12)
Mensaje Y / 00:50:25:352 / ciudad(12) / out_vehic /     50.42094 para puertonorte(09)
Mensaje D / 00:50:25:352 / ciudad(12) / 00:08:16:278 para puertonorte(09)
Mensaje X / 00:50:25:352 / puertonorte(09) / in_vehic /     50.42094 para cola(11)
Mensaje D / 00:50:25:352 / cola(11) / ... para puertonorte(09)
Mensaje D / 00:50:25:352 / puertonorte(09) / 00:08:16:278 para top(01)
Mensaje D / 00:50:25:352 / top(01) / 00:04:29:015 para Root(00)
Mensaje X / 00:54:00:000 / Root(00) / in /      1.00000 para top(01)
Mensaje X / 00:54:00:000 / top(01) / in_datos /      1.00000 para monitor(13)
Mensaje D / 00:54:00:000 / monitor(13) / 00:00:00:000 para top(01)
Mensaje D / 00:54:00:000 / top(01) / 00:00:00:000 para Root(00)
Mensaje * / 00:54:00:000 / Root(00) para top(01)
Mensaje * / 00:54:00:000 / top(01) para monitor(13)
Mensaje D / 00:54:00:000 / monitor(13) / ... para top(01)
Mensaje D / 00:54:00:000 / top(01) / 00:00:54:367 para Root(00)
Mensaje * / 00:54:54:367 / Root(00) para top(01)
Mensaje * / 00:54:54:367 / top(01) para puertosur(02)
Mensaje * / 00:54:54:367 / puertosur(02) para ciudads(05)
Mensaje Y / 00:54:54:367 / ciudads(05) / out_vehic /     54.90456 para puertosur(02)
Mensaje D / 00:54:54:367 / ciudads(05) / 00:01:52:192 para puertosur(02)
Mensaje X / 00:54:54:367 / puertosur(02) / in_vehic /     54.90456 para colas(04)
Mensaje D / 00:54:54:367 / colas(04) / ... para puertosur(02)
Mensaje D / 00:54:54:367 / puertosur(02) / 00:01:52:192 para top(01)
Mensaje D / 00:54:54:367 / top(01) / 00:01:52:192 para Root(00)
