Mensaje I / 00:00:00:000 / Root(00) para top(01)
Mensaje I / 00:00:00:000 / top(01) para agente(02)
Mensaje I / 00:00:00:000 / top(01) para cola(03)
Mensaje I / 00:00:00:000 / top(01) para ciudad(04)
Mensaje D / 00:00:00:000 / agente(02) / ... para top(01)
Mensaje D / 00:00:00:000 / cola(03) / ... para top(01)
Mensaje D / 00:00:00:000 / ciudad(04) / 00:00:00:100 para top(01)
Mensaje D / 00:00:00:000 / top(01) / 00:00:00:100 para Root(00)
Mensaje * / 00:00:00:100 / Root(00) para top(01)
Mensaje * / 00:00:00:100 / top(01) para ciudad(04)
Mensaje D / 00:00:00:100 / ciudad(04) / 00:00:12:300 para top(01)
Mensaje D / 00:00:00:100 / top(01) / 00:00:12:300 para Root(00)
Mensaje X / 00:00:10:000 / Root(00) / in_b1 /      1.00000 para top(01)
Mensaje X / 00:00:10:000 / top(01) / in_ferry /      1.00000 para agente(02)
Mensaje D / 00:00:10:000 / agente(02) / ... para top(01)
Mensaje D / 00:00:10:000 / top(01) / 00:00:02:400 para Root(00)
Mensaje * / 00:00:12:400 / Root(00) para top(01)
Mensaje * / 00:00:12:400 / top(01) para ciudad(04)
Mensaje Y / 00:00:12:400 / ciudad(04) / out_vehic /      0.20501 para top(01)
Mensaje D / 00:00:12:400 / ciudad(04) / 00:02:58:863 para top(01)
Mensaje X / 00:00:12:400 / top(01) / in_vehic /      0.20501 para cola(03)
Mensaje D / 00:00:12:400 / cola(03) / ... para top(01)
Mensaje D / 00:00:12:400 / top(01) / 00:02:58:863 para Root(00)
Mensaje * / 00:03:11:263 / Root(00) para top(01)
Mensaje * / 00:03:11:263 / top(01) para ciudad(04)
Mensaje Y / 00:03:11:263 / ciudad(04) / out_vehic /      3.18606 para top(01)
Mensaje D / 00:03:11:263 / ciudad(04) / 00:00:53:169 para top(01)
Mensaje X / 00:03:11:263 / top(01) / in_vehic /      3.18606 para cola(03)
Mensaje D / 00:03:11:263 / cola(03) / ... para top(01)
Mensaje D / 00:03:11:263 / top(01) / 00:00:53:169 para Root(00)
Mensaje * / 00:04:04:432 / Root(00) para top(01)
Mensaje * / 00:04:04:432 / top(01) para ciudad(04)
Mensaje Y / 00:04:04:432 / ciudad(04) / out_vehic /      4.07222 para top(01)
Mensaje D / 00:04:04:432 / ciudad(04) / 00:00:08:267 para top(01)
Mensaje X / 00:04:04:432 / top(01) / in_vehic /      4.07222 para cola(03)
Mensaje D / 00:04:04:432 / cola(03) / ... para top(01)
Mensaje D / 00:04:04:432 / top(01) / 00:00:08:267 para Root(00)
Mensaje * / 00:04:12:699 / Root(00) para top(01)
Mensaje * / 00:04:12:699 / top(01) para ciudad(04)
Mensaje Y / 00:04:12:699 / ciudad(04) / out_vehic /      4.21002 para top(01)
Mensaje D / 00:04:12:699 / ciudad(04) / 00:17:36:261 para top(01)
Mensaje X / 00:04:12:699 / top(01) / in_vehic /      4.21002 para cola(03)
Mensaje D / 00:04:12:699 / cola(03) / ... para top(01)
Mensaje D / 00:04:12:699 / top(01) / 00:17:36:261 para Root(00)
Mensaje X / 00:15:00:000 / Root(00) / in_b2 /      1.00000 para top(01)
Mensaje X / 00:15:00:000 / top(01) / in_solic /      1.00000 para agente(02)
Mensaje D / 00:15:00:000 / agente(02) / ... para top(01)
Mensaje D / 00:15:00:000 / top(01) / 00:06:48:960 para Root(00)
