Mensaje I / 00:00:00:000 / Root(00) para top(01)
Mensaje I / 00:00:00:000 / top(01) para capitan(02)
Mensaje D / 00:00:00:000 / capitan(02) / 00:00:00:000 para top(01)
Mensaje D / 00:00:00:000 / top(01) / 00:00:00:000 para Root(00)
Mensaje * / 00:00:00:000 / Root(00) para top(01)
Mensaje * / 00:00:00:000 / top(01) para capitan(02)
Mensaje Y / 00:00:00:000 / capitan(02) / out_arribo_n /      1.00000 para top(01)
Mensaje D / 00:00:00:000 / capitan(02) / ... para top(01)
Mensaje Y / 00:00:00:000 / top(01) / oarribo_n /      1.00000 para Root(00)
Mensaje D / 00:00:00:000 / top(01) / ... para Root(00)
Mensaje X / 00:00:20:000 / Root(00) / ipermiso /      1.00000 para top(01)
Mensaje X / 00:00:20:000 / top(01) / in_permiso /      1.00000 para capitan(02)
Mensaje D / 00:00:20:000 / capitan(02) / 00:00:00:000 para top(01)
Mensaje D / 00:00:20:000 / top(01) / 00:00:00:000 para Root(00)
Mensaje * / 00:00:20:000 / Root(00) para top(01)
Mensaje * / 00:00:20:000 / top(01) para capitan(02)
Mensaje Y / 00:00:20:000 / capitan(02) / out_descargar /      1.00000 para top(01)
Mensaje D / 00:00:20:000 / capitan(02) / ... para top(01)
Mensaje Y / 00:00:20:000 / top(01) / odescargar /      1.00000 para Root(00)
Mensaje D / 00:00:20:000 / top(01) / ... para Root(00)
Mensaje X / 00:10:00:000 / Root(00) / ilisto /      1.00000 para top(01)
Mensaje X / 00:10:00:000 / top(01) / in_listo /      1.00000 para capitan(02)
Mensaje D / 00:10:00:000 / capitan(02) / 00:00:00:000 para top(01)
Mensaje D / 00:10:00:000 / top(01) / 00:00:00:000 para Root(00)
Mensaje * / 00:10:00:000 / Root(00) para top(01)
Mensaje * / 00:10:00:000 / top(01) para capitan(02)
Mensaje Y / 00:10:00:000 / capitan(02) / out_cargar /      1.00000 para top(01)
Mensaje D / 00:10:00:000 / capitan(02) / ... para top(01)
Mensaje Y / 00:10:00:000 / top(01) / ocargar /      1.00000 para Root(00)
Mensaje D / 00:10:00:000 / top(01) / ... para Root(00)
Mensaje X / 00:32:00:000 / Root(00) / icapcomp /      1.00000 para top(01)
Mensaje X / 00:32:00:000 / top(01) / in_capcomp /      1.00000 para capitan(02)
Mensaje D / 00:32:00:000 / capitan(02) / 00:00:00:000 para top(01)
Mensaje D / 00:32:00:000 / top(01) / 00:00:00:000 para Root(00)
Mensaje * / 00:32:00:000 / Root(00) para top(01)
Mensaje * / 00:32:00:000 / top(01) para capitan(02)
Mensaje Y / 00:32:00:000 / capitan(02) / out_horasalida /      1.00000 para top(01)
Mensaje D / 00:32:00:000 / capitan(02) / 00:15:30:000 para top(01)
Mensaje Y / 00:32:00:000 / top(01) / ohorasalida /      1.00000 para Root(00)
Mensaje D / 00:32:00:000 / top(01) / 00:15:30:000 para Root(00)
