Mensaje I / 00:00:00:000 / Root(00) para top(01)
Mensaje I / 00:00:00:000 / top(01) para gen(02)
Mensaje D / 00:00:00:000 / gen(02) / 00:00:00:200 para top(01)
Mensaje D / 00:00:00:000 / top(01) / 00:00:00:200 para Root(00)
Mensaje * / 00:00:00:200 / Root(00) para top(01)
Mensaje * / 00:00:00:200 / top(01) para gen(02)
Mensaje D / 00:00:00:200 / gen(02) / 00:00:12:300 para top(01)
Mensaje D / 00:00:00:200 / top(01) / 00:00:12:300 para Root(00)
Mensaje * / 00:00:12:500 / Root(00) para top(01)
Mensaje * / 00:00:12:500 / top(01) para gen(02)
Mensaje Y / 00:00:12:500 / gen(02) / out_vehic /      0.20501 para top(01)
Mensaje D / 00:00:12:500 / gen(02) / 00:02:58:863 para top(01)
Mensaje Y / 00:00:12:500 / top(01) / out /      0.20501 para Root(00)
Mensaje D / 00:00:12:500 / top(01) / 00:02:58:863 para Root(00)
Mensaje * / 00:03:11:363 / Root(00) para top(01)
Mensaje * / 00:03:11:363 / top(01) para gen(02)
Mensaje Y / 00:03:11:363 / gen(02) / out_vehic /      3.18606 para top(01)
Mensaje D / 00:03:11:363 / gen(02) / 00:00:53:169 para top(01)
Mensaje Y / 00:03:11:363 / top(01) / out /      3.18606 para Root(00)
Mensaje D / 00:03:11:363 / top(01) / 00:00:53:169 para Root(00)
Mensaje * / 00:04:04:532 / Root(00) para top(01)
Mensaje * / 00:04:04:532 / top(01) para gen(02)
Mensaje Y / 00:04:04:532 / gen(02) / out_vehic /      4.07222 para top(01)
Mensaje D / 00:04:04:532 / gen(02) / 00:00:08:267 para top(01)
Mensaje Y / 00:04:04:532 / top(01) / out /      4.07222 para Root(00)
Mensaje D / 00:04:04:532 / top(01) / 00:00:08:267 para Root(00)
Mensaje * / 00:04:12:799 / Root(00) para top(01)
Mensaje * / 00:04:12:799 / top(01) para gen(02)
Mensaje Y / 00:04:12:799 / gen(02) / out_vehic /      4.21002 para top(01)
Mensaje D / 00:04:12:799 / gen(02) / 00:17:36:261 para top(01)
Mensaje Y / 00:04:12:799 / top(01) / out /      4.21002 para Root(00)
Mensaje D / 00:04:12:799 / top(01) / 00:17:36:261 para Root(00)
