Mensaje I / 00:00:00:000 / Root(00) para top(01)
Mensaje I / 00:00:00:000 / top(01) para capitan(02)
Mensaje I / 00:00:00:000 / top(01) para marinero(03)
Mensaje D / 00:00:00:000 / capitan(02) / 00:00:00:000 para top(01)
Mensaje D / 00:00:00:000 / marinero(03) / ... para top(01)
Mensaje D / 00:00:00:000 / top(01) / 00:00:00:000 para Root(00)
Mensaje * / 00:00:00:000 / Root(00) para top(01)
Mensaje * / 00:00:00:000 / top(01) para capitan(02)
Mensaje Y / 00:00:00:000 / capitan(02) / out_arribo_n /      1.00000 para top(01)
Mensaje D / 00:00:00:000 / capitan(02) / ... para top(01)
Mensaje Y / 00:00:00:000 / top(01) / out_an /      1.00000 para Root(00)
Mensaje D / 00:00:00:000 / top(01) / ... para Root(00)
Mensaje X / 00:00:20:000 / Root(00) / in_br /      1.00000 para top(01)
Mensaje X / 00:00:20:000 / top(01) / in_permiso /      1.00000 para capitan(02)
Mensaje D / 00:00:20:000 / capitan(02) / 00:00:00:000 para top(01)
Mensaje D / 00:00:20:000 / top(01) / 00:00:00:000 para Root(00)
Mensaje * / 00:00:20:000 / Root(00) para top(01)
Mensaje * / 00:00:20:000 / top(01) para capitan(02)
Mensaje Y / 00:00:20:000 / capitan(02) / out_descargar /      1.00000 para top(01)
Mensaje D / 00:00:20:000 / capitan(02) / ... para top(01)
Mensaje X / 00:00:20:000 / top(01) / in_inicio /      1.00000 para marinero(03)
Mensaje D / 00:00:20:000 / marinero(03) / 00:00:00:000 para top(01)
Mensaje D / 00:00:20:000 / top(01) / 00:00:00:000 para Root(00)
Mensaje * / 00:00:20:000 / Root(00) para top(01)
Mensaje * / 00:00:20:000 / top(01) para marinero(03)
Mensaje Y / 00:00:20:000 / marinero(03) / out_listo /      1.00000 para top(01)
Mensaje D / 00:00:20:000 / marinero(03) / ... para top(01)
Mensaje X / 00:00:20:000 / top(01) / in_listo /      1.00000 para capitan(02)
Mensaje D / 00:00:20:000 / capitan(02) / 00:00:00:000 para top(01)
Mensaje D / 00:00:20:000 / top(01) / 00:00:00:000 para Root(00)
Mensaje * / 00:00:20:000 / Root(00) para top(01)
Mensaje * / 00:00:20:000 / top(01) para capitan(02)
Mensaje Y / 00:00:20:000 / capitan(02) / out_cargar_n /      1.00000 para top(01)
Mensaje D / 00:00:20:000 / capitan(02) / ... para top(01)
Mensaje D / 00:00:20:000 / top(01) / ... para Root(00)
Mensaje X / 00:10:00:000 / Root(00) / in_cl /     15.18000 para top(01)
Mensaje X / 00:10:00:000 / top(01) / in_vehic /     15.18000 para marinero(03)
Mensaje D / 00:10:00:000 / marinero(03) / 00:00:00:000 para top(01)
Mensaje D / 00:10:00:000 / top(01) / 00:00:00:000 para Root(00)
Mensaje * / 00:10:00:000 / Root(00) para top(01)
Mensaje * / 00:10:00:000 / top(01) para marinero(03)
Mensaje D / 00:10:00:000 / marinero(03) / ... para top(01)
Mensaje D / 00:10:00:000 / top(01) / ... para Root(00)
Mensaje X / 00:40:00:000 / Root(00) / in_cl /     40.00000 para top(01)
Mensaje X / 00:40:00:000 / top(01) / in_vehic /     40.00000 para marinero(03)
Mensaje D / 00:40:00:000 / marinero(03) / 00:00:00:000 para top(01)
Mensaje D / 00:40:00:000 / top(01) / 00:00:00:000 para Root(00)
Mensaje * / 00:40:00:000 / Root(00) para top(01)
Mensaje * / 00:40:00:000 / top(01) para marinero(03)
Mensaje Y / 00:40:00:000 / marinero(03) / out_enhorasalida /      1.00000 para top(01)
Mensaje D / 00:40:00:000 / marinero(03) / ... para top(01)
Mensaje X / 00:40:00:000 / top(01) / in_horario /      1.00000 para capitan(02)
Mensaje D / 00:40:00:000 / capitan(02) / 00:00:00:000 para top(01)
Mensaje D / 00:40:00:000 / top(01) / 00:00:00:000 para Root(00)
Mensaje * / 00:40:00:000 / Root(00) para top(01)
Mensaje * / 00:40:00:000 / top(01) para capitan(02)
Mensaje Y / 00:40:00:000 / capitan(02) / out_horasalida_n /      1.00000 para top(01)
Mensaje D / 00:40:00:000 / capitan(02) / 00:15:30:000 para top(01)
Mensaje Y / 00:40:00:000 / top(01) / out_hsn /      1.00000 para Root(00)
Mensaje D / 00:40:00:000 / top(01) / 00:15:30:000 para Root(00)
